Temp/gradleOut/build/outputs/logs/manifest-merger-release-report.txt
-- Merging decision tree log ---
manifest
ADDED from src\main\AndroidManifest.xml:2:1-24:12
	package
		ADDED from src\main\AndroidManifest.xml:2:70-100
		INJECTED from src\main\AndroidManifest.xml
		INJECTED from src\main\AndroidManifest.xml
	android:versionName
		ADDED from src\main\AndroidManifest.xml:2:148-173
		INJECTED from src\main\AndroidManifest.xml
		INJECTED from src\main\AndroidManifest.xml
	xmlns:tools
		ADDED from src\main\AndroidManifest.xml:2:101-147
	android:versionCode
		ADDED from src\main\AndroidManifest.xml:2:174-197
		INJECTED from src\main\AndroidManifest.xml
		INJECTED from src\main\AndroidManifest.xml
	xmlns:android
		ADDED from src\main\AndroidManifest.xml:2:11-69
	android:installLocation
		ADDED from src\main\AndroidManifest.xml:2:198-238
supports-screens
ADDED from src\main\AndroidManifest.xml:3:3-163
	android:largeScreens
		ADDED from src\main\AndroidManifest.xml:3:78-105
	android:smallScreens
		ADDED from src\main\AndroidManifest.xml:3:21-48
	android:normalScreens
		ADDED from src\main\AndroidManifest.xml:3:49-77
	android:xlargeScreens
		ADDED from src\main\AndroidManifest.xml:3:106-134
	android:anyDensity
		ADDED from src\main\AndroidManifest.xml:3:135-160
application
ADDED from src\main\AndroidManifest.xml:4:3-16:17
	android:label
		ADDED from src\main\AndroidManifest.xml:4:92-124
	android:icon
		ADDED from src\main\AndroidManifest.xml:4:58-91
	android:banner
		ADDED from src\main\AndroidManifest.xml:4:148-185
	android:theme
		ADDED from src\main\AndroidManifest.xml:4:16-57
	android:isGame
		ADDED from src\main\AndroidManifest.xml:4:125-147
activity#com.unity3d.player.UnityPlayerActivity
ADDED from src\main\AndroidManifest.xml:5:5-11:16
	android:screenOrientation
		ADDED from src\main\AndroidManifest.xml:5:102-146
	android:label
		ADDED from src\main\AndroidManifest.xml:5:69-101
	android:launchMode
		ADDED from src\main\AndroidManifest.xml:5:147-178
	android:configChanges
		ADDED from src\main\AndroidManifest.xml:5:179-360
	android:name
		ADDED from src\main\AndroidManifest.xml:5:15-68
intent-filter#android.intent.action.MAIN+android.intent.category.LAUNCHER
ADDED from src\main\AndroidManifest.xml:6:7-9:23
action#android.intent.action.MAIN
ADDED from src\main\AndroidManifest.xml:7:9-61
	android:name
		ADDED from src\main\AndroidManifest.xml:7:17-58
category#android.intent.category.LAUNCHER
ADDED from src\main\AndroidManifest.xml:8:9-69
	android:name
		ADDED from src\main\AndroidManifest.xml:8:19-66
meta-data#unityplayer.UnityActivity
ADDED from src\main\AndroidManifest.xml:10:7-82
	android:value
		ADDED from src\main\AndroidManifest.xml:10:59-79
	android:name
		ADDED from src\main\AndroidManifest.xml:10:18-58
meta-data#unity.build-id
ADDED from src\main\AndroidManifest.xml:12:5-101
	android:value
		ADDED from src\main\AndroidManifest.xml:12:46-98
	android:name
		ADDED from src\main\AndroidManifest.xml:12:16-45
meta-data#unity.splash-mode
ADDED from src\main\AndroidManifest.xml:13:5-69
	android:value
		ADDED from src\main\AndroidManifest.xml:13:49-66
	android:name
		ADDED from src\main\AndroidManifest.xml:13:16-48
meta-data#unity.splash-enable
ADDED from src\main\AndroidManifest.xml:14:5-74
	android:value
		ADDED from src\main\AndroidManifest.xml:14:51-71
	android:name
		ADDED from src\main\AndroidManifest.xml:14:16-50
meta-data#android.max_aspect
ADDED from src\main\AndroidManifest.xml:15:5-72
	android:value
		ADDED from src\main\AndroidManifest.xml:15:50-69
	android:name
		ADDED from src\main\AndroidManifest.xml:15:16-49
uses-sdk
ADDED from src\main\AndroidManifest.xml:17:3-72
	android:targetSdkVersion
		ADDED from src\main\AndroidManifest.xml:17:40-69
		INJECTED from src\main\AndroidManifest.xml
		INJECTED from src\main\AndroidManifest.xml
	android:minSdkVersion
		ADDED from src\main\AndroidManifest.xml:17:13-39
uses-feature#0x00020000
ADDED from src\main\AndroidManifest.xml:18:3-52
	android:glEsVersion
		ADDED from src\main\AndroidManifest.xml:18:17-49
uses-permission#android.permission.INTERNET
ADDED from src\main\AndroidManifest.xml:19:3-65
	android:name
		ADDED from src\main\AndroidManifest.xml:19:20-62
uses-feature#android.hardware.sensor.accelerometer
ADDED from src\main\AndroidManifest.xml:20:3-97
	android:required
		ADDED from src\main\AndroidManifest.xml:20:70-94
	android:name
		ADDED from src\main\AndroidManifest.xml:20:17-69
uses-feature#android.hardware.touchscreen
ADDED from src\main\AndroidManifest.xml:21:3-88
	android:required
		ADDED from src\main\AndroidManifest.xml:21:61-85
	android:name
		ADDED from src\main\AndroidManifest.xml:21:17-60
uses-feature#android.hardware.touchscreen.multitouch
ADDED from src\main\AndroidManifest.xml:22:3-99
	android:required
		ADDED from src\main\AndroidManifest.xml:22:72-96
	android:name
		ADDED from src\main\AndroidManifest.xml:22:17-71
uses-feature#android.hardware.touchscreen.multitouch.distinct
ADDED from src\main\AndroidManifest.xml:23:3-108
	android:required
		ADDED from src\main\AndroidManifest.xml:23:81-105
	android:name
		ADDED from src\main\AndroidManifest.xml:23:17-80